Arguments: 
  /usr/local/bin/node /usr/local/bin/yarn install

PATH: 
  /usr/local/opt/apr/bin:/Users/jack/Library/Python/3.8/bin:/Users/jack/data/projects/chrome/depot_tools:/Users/jack/Library/Android/sdk/tools:/Users/jack/Library/Android/sdk/platform-tools:/usr/local/bin:/usr/bin:/bin:/usr/sbin:/sbin:/usr/local/go/bin:/Library/Apple/usr/bin:/Users/jack/data/projects/ptp/bd-im/apps/protobuf/node_modules/.bin:/usr/local/mysql/bin:/Users/jack/data/bin

Yarn version: 
  1.22.10

Node version: 
  16.15.1

Platform: 
  darwin x64

Trace: 
  Error: getaddrinfo ENOTFOUND registry.yarnpkg.com
      at GetAddrInfoReqWrap.onlookup [as oncomplete] (node:dns:71:26)

npm manifest: 
  {
    "name": "im_client_test",
    "version": "0.2.5",
    "description": "im client test",
    "main": "cli/index.js",
    "bin": {
      "minipbjs": "bin/minipbjs"
    },
    "scripts": {
      "pb": "./bin/minipbjs  --keep-case --path ./pb IM.BaseDefine.proto IM.Buddy.proto IM.File.proto IM.Group.proto IM.Login.proto IM.Message.proto IM.Other.proto IM.Server.proto IM.SwitchService.proto  --out ./src/protobuf --name protobuf",
      "test": "tsc --build && tape 'tests/**/test.js'",
      "build": "tsc --build && npm run pb",
      "prepublishOnly": "tsc --build && chmod +x bin/minipbjs"
    },
    "repository": {
      "type": "git",
      "url": "git+ssh://git@github.com/.git"
    },
    "keywords": [
      "protobuf",
      "protobuf.js",
      "pbjs",
      "minify",
      "minimize"
    ],
    "author": {
      "name": "Jack",
      "email": "crypto@gmail.com"
    },
    "license": "MIT",
    "dependencies": {
      "bip39": "^3.0.4",
      "bn.js": "^4.12.0",
      "md5": "^2.3.0",
      "elliptic": "^6.5.4",
      "ethereum-cryptography": "0.1.3",
      "ethereumjs-wallet": "^1.0.2",
      "protobufjs": "^6.11.2",
      "uglify-js": "^3.13.6",
      "uuid": "^3.4.0"
    },
    "devDependencies": {
      "@types/bn.js": "^5.1.1",
      "@types/elliptic": "^6.4.14",
      "@types/uuid": "^3.4.0",
      "@babel/preset-env": "^7.19.4",
      "@babel/preset-typescript": "^7.18.6",
      "@jest/console": "^29.2.0",
      "@types/jest": "^29.1.2",
      "@types/md5": "^2.3.2",
      "@types/node": "^15.3.0",
      "babel-jest": "^29.2.0",
      "jest": "^29.2.0",
      "tape": "^5.2.2",
      "ts-jest": "^29.0.3",
      "typescript": "^4.7.4"
    },
    "jest": {
      "testEnvironment": "node",
      "testRegex": "/__tests__/.*\\.(test|spec)\\.(js|tsx?)$",
      "setupFiles": [
        "<rootDir>/jest/setup.js"
      ]
    }
  }

yarn manifest: 
  No manifest

Lockfile: 
  No lockfile
